<?xml version="1.0" encoding="UTF-8"?>
<!-- Generated by org.testng.reporters.JUnitReportReporter -->
<testsuite hostname="HOME" failures="0" tests="3" name="testCases.LoginTest" time="39.400" errors="0" timestamp="2023-12-14T16:37:56 IST" skipped="0">
  <testcase classname="testCases.LoginTest" name="test_login" time="12.827"/>
  <system-out/>
  <testcase classname="testCases.LoginTest" name="test_login" time="12.746"/>
  <system-out/>
  <testcase classname="testCases.LoginTest" name="test_login" time="13.827"/>
  <system-out/>
</testsuite> <!-- testCases.LoginTest -->
