<?xml version="1.0" encoding="UTF-8"?>
<!-- Generated by org.testng.reporters.JUnitReportReporter -->
<testsuite hostname="HOME" failures="0" tests="3" name="testCases.LoginTest" time="36.897" errors="0" timestamp="2023-12-16T12:43:49 IST" skipped="0">
  <testcase classname="testCases.LoginTest" name="test_login" time="11.571"/>
  <system-out/>
  <testcase classname="testCases.LoginTest" name="test_login" time="12.812"/>
  <system-out/>
  <testcase classname="testCases.LoginTest" name="test_login" time="12.514"/>
  <system-out/>
</testsuite> <!-- testCases.LoginTest -->
